<?xml version="1.0" encoding="UTF-8"?>
<!-- Generated by org.testng.reporters.JUnitReportReporter -->
<testsuite hostname="DESKTOP-BLLJ60B" failures="0" tests="2" name="seleniumpack.testNGClass" time="0.011" errors="0" timestamp="2021-11-27T10:31:44 IST" skipped="0">
  <testcase classname="seleniumpack.testNGClass" name="methodOne" time="0.009"/>
  <system-out/>
  <testcase classname="seleniumpack.testNGClass" name="newMethod" time="0.002"/>
  <system-out/>
</testsuite> <!-- seleniumpack.testNGClass -->
